[2025-04-03T23:34:35.982545] System: All worker processes started
[2025-04-03T23:34:44.034095] Main: Sending message for processing: 'First message'
[2025-04-03T23:34:44.035296] Process A: Received: 'First message'
[2025-04-03T23:34:49.040762] Process A: Converted to lowercase: 'first message'
[2025-04-03T23:34:49.042166] Process B: Received: 'first message'
[2025-04-03T23:34:49.048083] Process B: ROT13 encoded: 'svefg zrffntr'
[2025-04-03T23:34:49.049025] Main: Received processed message: 'svefg zrffntr'
[2025-04-03T23:34:54.917126] Main: Sending message for processing: 'Message one'
[2025-04-03T23:34:54.918216] Process A: Received: 'Message one'
[2025-04-03T23:34:59.922627] Process A: Converted to lowercase: 'message one'
[2025-04-03T23:34:59.923875] Process B: Received: 'message one'
[2025-04-03T23:34:59.923981] Process B: ROT13 encoded: 'zrffntr bar'
[2025-04-03T23:34:59.929778] Main: Received processed message: 'zrffntr bar'
[2025-04-03T23:35:02.763423] Main: Sending message for processing: 'Message two'
[2025-04-03T23:35:02.764897] Process A: Received: 'Message two'
[2025-04-03T23:35:07.768615] Process A: Converted to lowercase: 'message two'
[2025-04-03T23:35:07.769588] Process B: Received: 'message two'
[2025-04-03T23:35:07.769704] Process B: ROT13 encoded: 'zrffntr gjb'
[2025-04-03T23:35:07.770576] Main: Received processed message: 'zrffntr gjb'
[2025-04-03T23:35:28.143395] Main: Sending message for processing: 'wow its works'
[2025-04-03T23:35:28.145329] Process A: Received: 'wow its works'
[2025-04-03T23:35:33.150446] Process A: Converted to lowercase: 'wow its works'
[2025-04-03T23:35:33.151503] Process B: Received: 'wow its works'
[2025-04-03T23:35:33.151670] Process B: ROT13 encoded: 'jbj vgf jbexf'
[2025-04-03T23:35:33.156555] Main: Received processed message: 'jbj vgf jbexf'
